     1                                  bits 32 ; assembling for the 32 bits architecture
     2                                  
     3                                  ; declare the EntryPoint (a label defining the very first instruction of the program)
     4                                  global start        
     5                                  
     6                                  ; declare external functions needed by our program
     7                                  extern exit               ; tell nasm that exit exists even if we won't be defining it
     8                                  import exit msvcrt.dll    ; exit is a function that ends the calling process. It is defined in msvcrt.dll
     9                                                            ; msvcrt.dll contains exit, printf and all the other important C-runtime specific functions
    10                                  
    11                                  ; our data is declared here (the variables needed by our program)
    12                                  segment data use32 class=data
    13                                      ; ...
    14 00000000 01                          a db 1
    15 00000001 02                          b db 2
    16 00000002 03                          c db 3
    17 00000003 04                          d db 4
    18                                  ; our code starts here
    19                                  segment code use32 class=code
    20                                      start:
    21                                          ; ...
    22 00000000 A0[03000000]                    mov al, [d]
    23 00000005 0205[03000000]                  add al, [d]
    24 0000000B 0205[03000000]                  add al, [d] ;al = d+d+d
    25 00000011 8A25[02000000]                  mov ah, [c]
    26 00000017 28C4                            sub ah, al ;ah = c-(d+d+d)
    27 00000019 8A1D[00000000]                  mov bl, [a]
    28 0000001F 2A1D[01000000]                  sub bl, [b]; bl = a - b
    29 00000025 00DC                            add ah, bl; ah = c-(d+d+d)+(a-b)
    30                                          
    31                                          
    32                                          
    33                                          ; exit(0)
    34 00000027 6A00                            push    dword 0      ; push the parameter for exit onto the stack
    35 00000029 FF15[00000000]                  call    [exit]       ; call exit to terminate the program
