     1                                  bits 32 ; assembling for the 32 bits architecture
     2                                  
     3                                  ; declare the EntryPoint (a label defining the very first instruction of the program)
     4                                  global start        
     5                                  
     6                                  ; declare external functions needed by our program
     7                                  extern exit               ; tell nasm that exit exists even if we won't be defining it
     8                                  import exit msvcrt.dll    ; exit is a function that ends the calling process. It is defined in msvcrt.dll
     9                                                            ; msvcrt.dll contains exit, printf and all the other important C-runtime specific functions
    10                                  
    11                                  ; our data is declared here (the variables needed by our program)
    12                                  segment data use32 class=data
    13                                      ; ...
    14 00000000 0100                        a dw 1
    15 00000002 0200                        b dw 2
    16 00000004 0300                        c dw 3
    17 00000006 0400                        d dw 4
    18                                  ; our code starts here
    19                                  segment code use32 class=code
    20                                      start:
    21                                          ; ...
    22 00000000 66A1[04000000]                  mov AX, [c]
    23 00000006 660305[04000000]                add AX, [c]
    24 0000000D 660305[04000000]                add AX, [c]; ax = c+c+c
    25 00000014 662B05[02000000]                sub AX, [b]; ax = c+c+c-b
    26 0000001B 668B15[06000000]                mov DX, [d]
    27 00000022 662B15[00000000]                sub DX, [a]; dx = d-a
    28 00000029 6601D0                          add AX, DX ;ax = (c+c+c)-b+(d-a)
    29                                          ; exit(0)
    30 0000002C 6A00                            push    dword 0      ; push the parameter for exit onto the stack
    31 0000002E FF15[00000000]                  call    [exit]       ; call exit to terminate the program
