     1                                  bits 32 ; assembling for the 32 bits architecture
     2                                  
     3                                  ; declare the EntryPoint (a label defining the very first instruction of the program)
     4                                  global start        
     5                                  
     6                                  ; declare external functions needed by our program
     7                                  extern exit               ; tell nasm that exit exists even if we won't be defining it
     8                                  import exit msvcrt.dll    ; exit is a function that ends the calling process. It is defined in msvcrt.dll
     9                                                            ; msvcrt.dll contains exit, printf and all the other important C-runtime specific functions
    10                                  
    11                                  ; our data is declared here (the variables needed by our program)
    12                                  segment data use32 class=data
    13                                      ; ...
    14 00000000 78A63412785634127D-         sir dd 1234A678h, 12345678h, 1AC3B47Dh, 0FEDC9876h
    14 00000009 B4C31A7698DCFE     
    15 00000010 0000                        xd dw 0
    16 00000012 <res 00000018>              e times 2 resw 6
    17 0000002A 34120000<rept>              times 2 dd 1234h
    18                                  ; our code starts here
    19                                  segment code use32 class=code
    20                                      start:
    21                                          ; ...
    22 00000000 B410                            mov ah, sir+xd
    23                                          ; exit(0)
    24 00000002 6A00                            push    dword 0      ; push the parameter for exit onto the stack
    25 00000004 FF15[00000000]                  call    [exit]       ; call exit to terminate the program
