     1                                  bits 32 ; assembling for the 32 bits architecture
     2                                  
     3                                  ; declare the EntryPoint (a label defining the very first instruction of the program)
     4                                  global start       
     5                                  
     6                                  ; declare external functions needed by our program
     7                                  extern exit, scanf, printf               ; tell nasm that exit exists even if we won't be defining it
     8                                  import exit msvcrt.dll
     9                                  import scanf msvcrt.dll 
    10                                  import printf msvcrt.dll   ; exit is a function that ends the calling process. It is defined in msvcrt.dll
    11                                                            ; msvcrt.dll contains exit, printf and all the other important C-runtime specific functions
    12                                  
    13                                  ; our data is declared here (the variables needed by our program)
    14                                  segment data use32 class=data
    15                                      ; ...
    16 00000000 256400                      format db "%d", 0
    17 00000003 6E203D20256400              format2 db "n = %d", 0
    18 0000000A 00000000                    var dd 0
    19                                  ; our code starts here
    20                                  segment code use32 class=code
    21                                      start:
    22                                          ; ...
    23 00000000 68[0A000000]                    push dword var
    24 00000005 68[00000000]                    push dword format
    25 0000000A FF15[00000000]                  call [scanf]
    26 00000010 83C408                          add esp, 4*2
    27                                          
    28 00000013 FF35[0A000000]                  push dword [var]
    29 00000019 68[00000000]                    push format
    30 0000001E FF15[00000000]                  call [printf]
    31 00000024 83C408                          add esp, 4*2
    32                                          
    33                                          ; exit(0)
    34 00000027 6A00                            push    dword 0      ; push the parameter for exit onto the stack
    35 00000029 FF15[00000000]                  call    [exit]       ; call exit to terminate the program
